<?xml version="1.0" encoding="UTF-8" ?>
<testsuite errors="0" failures="1" hostname="TRANTOR208" name="tests.DemoTest1" skipped="0" tests="1" time="0.008" timestamp="2015-06-10T11:04:04">
  <properties>
[...]
</properties>
  <testcase classname="tests.DemoTest1" name="additon" time="0.004">
    <failure message="testcase fails expected 6 but gives 5 expected:&lt;6&gt; but was:&lt;5&gt;" type="junit.framework.AssertionFailedError">junit.framework.AssertionFailedError: testcase fails expected 6 but gives 5 expected:&lt;6&gt; but was:&lt;5&gt;
	at tests.DemoTest1.additon(Unknown Source)
	at org.eclipse.ant.internal.launching.remote.EclipseDefaultExecutor.executeTargets(EclipseDefaultExecutor.java:36)
	at org.eclipse.ant.internal.launching.remote.InternalAntRunner.run(InternalAntRunner.java:452)
	at org.eclipse.ant.internal.launching.remote.InternalAntRunner.main(InternalAntRunner.java:139)
</failure>
  </testcase>
  <system-out><![CDATA[]]></system-out>
  <system-err><![CDATA[]]></system-err>
</testsuite>
